<?xml version="1.0" encoding="UTF-8"?>
<!-- Generated by org.testng.reporters.JUnitReportReporter -->
<testsuite hostname="Kulkarni" failures="0" tests="2" name="Test_Scenarios.palette" time="53.190" errors="0" timestamp="2024-02-20T18:48:46 IST" skipped="0">
  <testcase classname="Test_Scenarios.palette" name="test_login" time="44.024"/>
  <testcase classname="Test_Scenarios.palette" name="test_createOrg" time="9.166"/>
</testsuite> <!-- Test_Scenarios.palette -->
