<?xml version="1.0" encoding="UTF-8"?>
<!-- Generated by org.testng.reporters.JUnitReportReporter -->
<testsuite hostname="Kulkarni" failures="0" tests="2" name="Test_Scenarios.palette" time="29.188" errors="0" timestamp="2024-02-20T16:34:49 IST" skipped="0">
  <testcase classname="Test_Scenarios.palette" name="test_login" time="22.336"/>
  <testcase classname="Test_Scenarios.palette" name="test_createOrg" time="6.852"/>
</testsuite> <!-- Test_Scenarios.palette -->
